*** Starting uWSGI 1.9.19 (32bit) on [Thu Dec  5 21:16:56 2013] ***
compiled with version: 4.8.2 on 13 November 2013 14:22:23
os: Linux-3.9.4-1-ARCH #1 SMP PREEMPT Sun May 26 11:56:48 CEST 2013
nodename: redneck
machine: i686
clock source: unix
pcre jit disabled
detected number of CPU cores: 1
current working directory: /www/parstek
detected binary path: /usr/bin/uwsgi
your processes number limit is 3883
your memory page size is 4096 bytes
detected max file descriptor number: 1024
lock engine: pthread robust mutexes
thunder lock: disabled (you can enable it with --thunder-lock)
uwsgi socket 0 bound to UNIX address ././tools/../tmp/uwsgi.sock fd 3
Python version: 2.7.5 (default, Sep  6 2013, 09:59:46)  [GCC 4.8.1 20130725 (prerelease)]
Python main interpreter initialized at 0x87d5f20
python threads support enabled
your server socket listen backlog is limited to 100 connections
your mercy for graceful operations on workers is 60 seconds
mapped 357360 bytes (348 KB) for 8 cores
*** Operational MODE: preforking+threaded ***
WSGI app 0 (mountpoint='') ready in 0 seconds on interpreter 0x87d5f20 pid: 9881 (default app)
*** uWSGI is running in multiple interpreter mode ***
spawned uWSGI master process (pid: 9881)
spawned uWSGI worker 1 (pid: 9894, cores: 2)
spawned uWSGI worker 2 (pid: 9895, cores: 2)
spawned uWSGI worker 3 (pid: 9896, cores: 2)
spawned uWSGI worker 4 (pid: 9897, cores: 2)
././tools/run.sh: line 5:  9881 Killed                  uwsgi --plugin python2 --socket $BASEDIR/tmp/uwsgi.sock --wsgi-file $BASEDIR/parstek.py --callable app --processes 4 --threads 2 --uid redneck --master
*** Starting uWSGI 1.9.19 (32bit) on [Thu Dec  5 21:17:17 2013] ***
compiled with version: 4.8.2 on 13 November 2013 14:22:23
os: Linux-3.9.4-1-ARCH #1 SMP PREEMPT Sun May 26 11:56:48 CEST 2013
nodename: redneck
machine: i686
clock source: unix
pcre jit disabled
detected number of CPU cores: 1
current working directory: /www/parstek
detected binary path: /usr/bin/uwsgi
your processes number limit is 3883
your memory page size is 4096 bytes
detected max file descriptor number: 1024
lock engine: pthread robust mutexes
thunder lock: disabled (you can enable it with --thunder-lock)
uwsgi socket 0 bound to UNIX address ././tools/../tmp/uwsgi.sock fd 3
Python version: 2.7.5 (default, Sep  6 2013, 09:59:46)  [GCC 4.8.1 20130725 (prerelease)]
Python main interpreter initialized at 0x94e9f20
python threads support enabled
your server socket listen backlog is limited to 100 connections
your mercy for graceful operations on workers is 60 seconds
mapped 357360 bytes (348 KB) for 8 cores
*** Operational MODE: preforking+threaded ***
WSGI app 0 (mountpoint='') ready in 0 seconds on interpreter 0x94e9f20 pid: 9932 (default app)
*** uWSGI is running in multiple interpreter mode ***
spawned uWSGI master process (pid: 9932)
spawned uWSGI worker 1 (pid: 9945, cores: 2)
spawned uWSGI worker 2 (pid: 9946, cores: 2)
spawned uWSGI worker 3 (pid: 9947, cores: 2)
spawned uWSGI worker 4 (pid: 9948, cores: 2)
[pid: 9945|app: 0|req: 1/1] 188.123.248.44 () {38 vars in 708 bytes} [Thu Dec  5 21:19:23 2013] GET / => generated 376 bytes in 13 msecs (HTTP/1.1 200) 2 headers in 80 bytes (1 switches on core 0)
[pid: 9945|app: 0|req: 2/2] 188.123.248.44 () {40 vars in 708 bytes} [Thu Dec  5 21:19:23 2013] GET /static/js/json2.js => generated 17524 bytes in 4 msecs via sendfile() (HTTP/1.1 200) 7 headers in 287 bytes (0 switches on core 1)
[pid: 9946|app: 0|req: 1/3] 188.123.248.44 () {40 vars in 710 bytes} [Thu Dec  5 21:19:23 2013] GET /static/js/jquery.js => generated 93107 bytes in 6 msecs via sendfile() (HTTP/1.1 200) 7 headers in 287 bytes (0 switches on core 0)
[pid: 9946|app: 0|req: 2/4] 188.123.248.44 () {40 vars in 718 bytes} [Thu Dec  5 21:19:24 2013] GET /static/js/underscore.js => generated 14358 bytes in 1 msecs via sendfile() (HTTP/1.1 200) 7 headers in 285 bytes (0 switches on core 1)
[pid: 9947|app: 0|req: 1/5] 188.123.248.44 () {40 vars in 714 bytes} [Thu Dec  5 21:19:24 2013] GET /static/js/backbone.js => generated 19548 bytes in 5 msecs via sendfile() (HTTP/1.1 200) 7 headers in 287 bytes (0 switches on core 0)
[pid: 9945|app: 0|req: 3/6] 188.123.248.44 () {40 vars in 704 bytes} [Thu Dec  5 21:19:24 2013] GET /static/js/app.js => generated 21 bytes in 1 msecs via sendfile() (HTTP/1.1 200) 7 headers in 281 bytes (0 switches on core 1)
[pid: 9948|app: 0|req: 1/7] 188.123.248.44 () {36 vars in 628 bytes} [Thu Dec  5 21:19:24 2013] GET /favicon.ico => generated 233 bytes in 30 msecs (HTTP/1.1 404) 2 headers in 72 bytes (1 switches on core 0)
